<?xml version="1.0" encoding="UTF-8"?>
<!-- Generated by org.testng.reporters.JUnitXMLReporter -->
<testsuite ignored="0" hostname="DESKTOP-3PQ800V" failures="9" tests="20" name="Test" time="29.153" errors="0" timestamp="2025-02-09T17:47:56 IST">
  <testcase classname="testCases.TC_LF_001_007" name="verify_login" time="0.581"/>
  <testcase classname="testCases.TC_LF_001_007" name="verify_login" time="0.441">
    <failure type="java.lang.AssertionError" message="Login passed for invalid credentials. Username: incorrect_username expected [false] but found [true]">
      <![CDATA[java.lang.AssertionError: Login passed for invalid credentials. Username: incorrect_username expected [false] but found [true]
at testCases.TC_LF_001_007.verify_login(TC_LF_001_007.java:24)
at java.base/java.util.ArrayList.forEach(ArrayList.java:1596)
... Removed 28 stack frames]]>
    </failure>
  </testcase> <!-- verify_login -->
  <testcase classname="testCases.TC_LF_001_007" name="verify_login" time="0.365">
    <failure type="java.lang.AssertionError" message="Login passed for invalid credentials. Username: correct_username expected [false] but found [true]">
      <![CDATA[java.lang.AssertionError: Login passed for invalid credentials. Username: correct_username expected [false] but found [true]
at testCases.TC_LF_001_007.verify_login(TC_LF_001_007.java:24)
at java.base/java.util.ArrayList.forEach(ArrayList.java:1596)
... Removed 28 stack frames]]>
    </failure>
  </testcase> <!-- verify_login -->
  <testcase classname="testCases.TC_LF_001_007" name="verify_login" time="0.405">
    <failure type="java.lang.AssertionError" message="Login passed for invalid credentials. Username: incorrect_username expected [false] but found [true]">
      <![CDATA[java.lang.AssertionError: Login passed for invalid credentials. Username: incorrect_username expected [false] but found [true]
at testCases.TC_LF_001_007.verify_login(TC_LF_001_007.java:24)
at java.base/java.util.ArrayList.forEach(ArrayList.java:1596)
... Removed 28 stack frames]]>
    </failure>
  </testcase> <!-- verify_login -->
  <testcase classname="testCases.TC_LF_001_007" name="verify_login" time="0.166"/>
  <testcase classname="testCases.TC_LF_001_007" name="verify_login" time="0.19"/>
  <testcase classname="testCases.TC_LF_001_007" name="verify_login" time="0.267"/>
  <testcase classname="testCases.TC_LF_008_014" name="verify_login_with_remember_me" time="0.637"/>
  <testcase classname="testCases.TC_LF_008_014" name="verify_login_with_remember_me" time="0.592">
    <failure type="java.lang.AssertionError" message="Login passed for invalid credentials with Remember Me expected [false] but found [true]">
      <![CDATA[java.lang.AssertionError: Login passed for invalid credentials with Remember Me expected [false] but found [true]
at testCases.TC_LF_008_014.verify_login_with_remember_me(TC_LF_008_014.java:26)
at java.base/java.util.ArrayList.forEach(ArrayList.java:1596)
... Removed 28 stack frames]]>
    </failure>
  </testcase> <!-- verify_login_with_remember_me -->
  <testcase classname="testCases.TC_LF_008_014" name="verify_login_with_remember_me" time="0.415">
    <failure type="java.lang.AssertionError" message="Login passed for invalid credentials with Remember Me expected [false] but found [true]">
      <![CDATA[java.lang.AssertionError: Login passed for invalid credentials with Remember Me expected [false] but found [true]
at testCases.TC_LF_008_014.verify_login_with_remember_me(TC_LF_008_014.java:26)
at java.base/java.util.ArrayList.forEach(ArrayList.java:1596)
... Removed 28 stack frames]]>
    </failure>
  </testcase> <!-- verify_login_with_remember_me -->
  <testcase classname="testCases.TC_LF_008_014" name="verify_login_with_remember_me" time="0.422">
    <failure type="java.lang.AssertionError" message="Login passed for invalid credentials with Remember Me expected [false] but found [true]">
      <![CDATA[java.lang.AssertionError: Login passed for invalid credentials with Remember Me expected [false] but found [true]
at testCases.TC_LF_008_014.verify_login_with_remember_me(TC_LF_008_014.java:26)
at java.base/java.util.ArrayList.forEach(ArrayList.java:1596)
... Removed 28 stack frames]]>
    </failure>
  </testcase> <!-- verify_login_with_remember_me -->
  <testcase classname="testCases.TC_LF_008_014" name="verify_login_with_remember_me" time="0.218"/>
  <testcase classname="testCases.TC_LF_008_014" name="verify_login_with_remember_me" time="0.224"/>
  <testcase classname="testCases.TC_LF_008_014" name="verify_login_with_remember_me" time="0.246"/>
  <testcase classname="testCases.TC_LF_015" name="verify_twitter_login" time="0.109">
    <failure type="java.lang.AssertionError" message="Twitter login does not open twitter login URL expected [true] but found [false]">
      <![CDATA[java.lang.AssertionError: Twitter login does not open twitter login URL expected [true] but found [false]
at testCases.TC_LF_015.verify_twitter_login(TC_LF_015.java:19)
at java.base/java.util.ArrayList.forEach(ArrayList.java:1596)
... Removed 28 stack frames]]>
    </failure>
  </testcase> <!-- verify_twitter_login -->
  <testcase classname="testCases.TC_LF_016" name="verify_twitter_login" time="0.177">
    <failure type="java.lang.AssertionError" message="Facebook login does not open facebook login URL expected [true] but found [false]">
      <![CDATA[java.lang.AssertionError: Facebook login does not open facebook login URL expected [true] but found [false]
at testCases.TC_LF_016.verify_twitter_login(TC_LF_016.java:19)
at java.base/java.util.ArrayList.forEach(ArrayList.java:1596)
... Removed 28 stack frames]]>
    </failure>
  </testcase> <!-- verify_twitter_login -->
  <testcase classname="testCases.TC_LF_017" name="verify_twitter_login" time="0.113">
    <failure type="java.lang.AssertionError" message="Linkedin login does not open linkedin login URL expected [true] but found [false]">
      <![CDATA[java.lang.AssertionError: Linkedin login does not open linkedin login URL expected [true] but found [false]
at testCases.TC_LF_017.verify_twitter_login(TC_LF_017.java:19)
at java.base/java.util.ArrayList.forEach(ArrayList.java:1596)
... Removed 28 stack frames]]>
    </failure>
  </testcase> <!-- verify_twitter_login -->
  <testcase classname="testCases.TC_HP_001" name="verifyAscendingSort" time="0.713"/>
  <testcase classname="testCases.TC_HP_002" name="verifyDescendingSort" time="0.713"/>
  <testcase classname="testCases.TC_HP_003" name="verifyRowsRemainIntactAfterSorting" time="1.287"/>
</testsuite> <!-- Test -->
